Vivado Simulator 2016.4
Copyright 1986-1999, 2001-2016 Xilinx, Inc. All Rights Reserved.
Running: C:/Xilinx/Vivado/2016.4/bin/unwrapped/win64.o/xelab.exe -wto 810c97494dd84240be2af6dcf947e48d --debug typical --relax --mt 2 -L xil_defaultlib -L secureip --snapshot FPU_Division_Sim_behav xil_defaultlib.FPU_Division_Sim -log elaborate.log 
Using 2 slave threads.
Starting static elaboration
Completed static elaboration
Starting simulation data flow analysis
Completed simulation data flow analysis
Time Resolution for simulation is 1ps
Compiling package std.standard
Compiling package std.textio
Compiling package ieee.std_logic_1164
Compiling package ieee.std_logic_arith
Compiling package ieee.std_logic_unsigned
Compiling package ieee.numeric_std
Compiling architecture behavioral of entity xil_defaultlib.Exceptions [exceptions_default]
Compiling architecture behavioral of entity xil_defaultlib.Divider [divider_default]
Compiling architecture behavioral of entity xil_defaultlib.FPU_Division [fpu_division_default]
Compiling architecture behavioral of entity xil_defaultlib.fpu_division_sim
Built simulation snapshot FPU_Division_Sim_behav
